<?xml version="1.0" encoding="UTF-8"?>
<testsuite xmlns:xsi="http://www.w3.org/2001/XMLSchema-instance" xsi:noNamespaceSchemaLocation="https://maven.apache.org/surefire/maven-surefire-plugin/xsd/surefire-test-report-3.0.xsd" version="3.0" name="bloodbank.TestBloodBankSystem" time="2.052" tests="1" errors="0" skipped="0" failures="1">
  <properties>
[...]
</properties>
  <testcase name="test01_all_customers_adminrole" classname="bloodbank.TestBloodBankSystem" time="0.952">
    <failure type="java.lang.AssertionError"><![CDATA[java.lang.AssertionError: 

Expected: is <200>
     but: was <404>
	at bloodbank@1/bloodbank.TestBloodBankSystem.test01_all_customers_adminrole(TestBloodBankSystem.java:95)
]]></failure>
    <system-out><![CDATA[2021-05-01 00:23:47,574 main DEBUG Apache Log4j Core 2.14.0 initializing configuration XmlConfiguration[location=C:\Users\Guest1234\eclipse-workspace\REST-BloodBank-Skeleton\target\classes\log4j2.xml]
2021-05-01 00:23:47,588 main DEBUG Installed 1 script engine
2021-05-01 00:23:47,983 main DEBUG Oracle Nashorn version: 11.0.11, language: ECMAScript, threading: Not Thread Safe, compile: true, names: [nashorn, Nashorn, js, JS, JavaScript, javascript, ECMAScript, ecmascript], factory class: jdk.nashorn.api.scripting.NashornScriptEngineFactory
2021-05-01 00:23:47,983 main DEBUG PluginManager 'Core' found 122 plugins
2021-05-01 00:23:47,984 main DEBUG PluginManager 'Level' found 0 plugins
2021-05-01 00:23:47,990 main DEBUG Building Plugin[name=property, class=org.apache.logging.log4j.core.config.Property].
2021-05-01 00:23:48,002 main TRACE TypeConverterRegistry initializing.
2021-05-01 00:23:48,003 main DEBUG PluginManager 'TypeConverter' found 26 plugins
2021-05-01 00:23:48,011 main DEBUG createProperty(name="log-path", value="PropertiesConfiguration")
2021-05-01 00:23:48,012 main DEBUG Building Plugin[name=properties, class=org.apache.logging.log4j.core.config.PropertiesPlugin].
2021-05-01 00:23:48,016 main DEBUG configureSubstitutor(={log-path=PropertiesConfiguration}, Configuration(C:\Users\Guest1234\eclipse-workspace\REST-BloodBank-Skeleton\target\classes\log4j2.xml))
2021-05-01 00:23:48,016 main DEBUG PluginManager 'Lookup' found 16 plugins
2021-05-01 00:23:48,018 main DEBUG Building Plugin[name=layout, class=org.apache.logging.log4j.core.layout.PatternLayout].
2021-05-01 00:23:48,022 main DEBUG PatternLayout$Builder(pattern="[%-5level] %c{1} - %msg", PatternSelector=null, Configuration(C:\Users\Guest1234\eclipse-workspace\REST-BloodBank-Skeleton\target\classes\log4j2.xml), Replace=null, charset="null", alwaysWriteExceptions="null", disableAnsi="null", noConsoleNoAnsi="null", header="null", footer="null")
2021-05-01 00:23:48,023 main DEBUG PluginManager 'Converter' found 44 plugins
2021-05-01 00:23:48,024 main DEBUG Building Plugin[name=appender, class=org.apache.logging.log4j.core.appender.ConsoleAppender].
2021-05-01 00:23:48,033 main DEBUG ConsoleAppender$Builder(target="SYSTEM_OUT", follow="null", direct="null", bufferedIo="null", bufferSize="null", immediateFlush="null", ignoreExceptions="null", PatternLayout([%-5level] %c{1} - %msg), name="Console-Appender", Configuration(C:\Users\Guest1234\eclipse-workspace\REST-BloodBank-Skeleton\target\classes\log4j2.xml), Filter=null, ={})
2021-05-01 00:23:48,037 main DEBUG Starting OutputStreamManager SYSTEM_OUT.false.false
2021-05-01 00:23:48,038 main DEBUG Building Plugin[name=appenders, class=org.apache.logging.log4j.core.config.AppendersPlugin].
2021-05-01 00:23:48,038 main DEBUG createAppenders(={Console-Appender})
2021-05-01 00:23:48,039 main DEBUG Building Plugin[name=AppenderRef, class=org.apache.logging.log4j.core.config.AppenderRef].
2021-05-01 00:23:48,039 main DEBUG createAppenderRef(ref="Console-Appender", level="null", Filter=null)
2021-05-01 00:23:48,039 main DEBUG Building Plugin[name=logger, class=org.apache.logging.log4j.core.config.LoggerConfig].
2021-05-01 00:23:48,042 main DEBUG createLogger(additivity="false", level="ALL", name="org.jboss.weld", includeLocation="null", ={Console-Appender}, ={}, Configuration(C:\Users\Guest1234\eclipse-workspace\REST-BloodBank-Skeleton\target\classes\log4j2.xml), Filter=null)
2021-05-01 00:23:48,045 main DEBUG Building Plugin[name=AppenderRef, class=org.apache.logging.log4j.core.config.AppenderRef].
2021-05-01 00:23:48,045 main DEBUG createAppenderRef(ref="Console-Appender", level="null", Filter=null)
2021-05-01 00:23:48,046 main DEBUG Building Plugin[name=logger, class=org.apache.logging.log4j.core.config.LoggerConfig].
2021-05-01 00:23:48,046 main DEBUG createLogger(additivity="false", level="ALL", name="org.hibernate", includeLocation="null", ={Console-Appender}, ={}, Configuration(C:\Users\Guest1234\eclipse-workspace\REST-BloodBank-Skeleton\target\classes\log4j2.xml), Filter=null)
2021-05-01 00:23:48,046 main DEBUG Building Plugin[name=AppenderRef, class=org.apache.logging.log4j.core.config.AppenderRef].
2021-05-01 00:23:48,048 main DEBUG createAppenderRef(ref="Console-Appender", level="null", Filter=null)
2021-05-01 00:23:48,048 main DEBUG Building Plugin[name=logger, class=org.apache.logging.log4j.core.config.LoggerConfig].
2021-05-01 00:23:48,050 main DEBUG createLogger(additivity="false", level="ALL", name="org.hibernate.SQL", includeLocation="null", ={Console-Appender}, ={}, Configuration(C:\Users\Guest1234\eclipse-workspace\REST-BloodBank-Skeleton\target\classes\log4j2.xml), Filter=null)
2021-05-01 00:23:48,050 main DEBUG Building Plugin[name=AppenderRef, class=org.apache.logging.log4j.core.config.AppenderRef].
2021-05-01 00:23:48,051 main DEBUG createAppenderRef(ref="Console-Appender", level="null", Filter=null)
2021-05-01 00:23:48,051 main DEBUG Building Plugin[name=logger, class=org.apache.logging.log4j.core.config.LoggerConfig].
2021-05-01 00:23:48,052 main DEBUG createLogger(additivity="false", level="ALL", name="org.hibernate.type", includeLocation="null", ={Console-Appender}, ={}, Configuration(C:\Users\Guest1234\eclipse-workspace\REST-BloodBank-Skeleton\target\classes\log4j2.xml), Filter=null)
2021-05-01 00:23:48,052 main DEBUG Building Plugin[name=AppenderRef, class=org.apache.logging.log4j.core.config.AppenderRef].
2021-05-01 00:23:48,053 main DEBUG createAppenderRef(ref="Console-Appender", level="null", Filter=null)
2021-05-01 00:23:48,053 main DEBUG Building Plugin[name=logger, class=org.apache.logging.log4j.core.config.LoggerConfig].
2021-05-01 00:23:48,053 main DEBUG createLogger(additivity="false", level="ALL", name="org.hibernate.type.descriptor.sql", includeLocation="null", ={Console-Appender}, ={}, Configuration(C:\Users\Guest1234\eclipse-workspace\REST-BloodBank-Skeleton\target\classes\log4j2.xml), Filter=null)
2021-05-01 00:23:48,054 main DEBUG Building Plugin[name=AppenderRef, class=org.apache.logging.log4j.core.config.AppenderRef].
2021-05-01 00:23:48,054 main DEBUG createAppenderRef(ref="Console-Appender", level="null", Filter=null)
2021-05-01 00:23:48,054 main DEBUG Building Plugin[name=logger, class=org.apache.logging.log4j.core.config.LoggerConfig].
2021-05-01 00:23:48,055 main DEBUG createLogger(additivity="false", level="ALL", name="org.hibernate.pretty", includeLocation="null", ={Console-Appender}, ={}, Configuration(C:\Users\Guest1234\eclipse-workspace\REST-BloodBank-Skeleton\target\classes\log4j2.xml), Filter=null)
2021-05-01 00:23:48,055 main DEBUG Building Plugin[name=AppenderRef, class=org.apache.logging.log4j.core.config.AppenderRef].
2021-05-01 00:23:48,055 main DEBUG createAppenderRef(ref="Console-Appender", level="null", Filter=null)
2021-05-01 00:23:48,055 main DEBUG Building Plugin[name=logger, class=org.apache.logging.log4j.core.config.LoggerConfig].
2021-05-01 00:23:48,056 main DEBUG createLogger(additivity="false", level="ALL", name="org.hibernate.cache", includeLocation="null", ={Console-Appender}, ={}, Configuration(C:\Users\Guest1234\eclipse-workspace\REST-BloodBank-Skeleton\target\classes\log4j2.xml), Filter=null)
2021-05-01 00:23:48,056 main DEBUG Building Plugin[name=AppenderRef, class=org.apache.logging.log4j.core.config.AppenderRef].
2021-05-01 00:23:48,056 main DEBUG createAppenderRef(ref="Console-Appender", level="null", Filter=null)
2021-05-01 00:23:48,056 main DEBUG Building Plugin[name=logger, class=org.apache.logging.log4j.core.config.LoggerConfig].
2021-05-01 00:23:48,057 main DEBUG createLogger(additivity="false", level="ALL", name="org.hibernate.stat", includeLocation="null", ={Console-Appender}, ={}, Configuration(C:\Users\Guest1234\eclipse-workspace\REST-BloodBank-Skeleton\target\classes\log4j2.xml), Filter=null)
2021-05-01 00:23:48,058 main DEBUG Building Plugin[name=AppenderRef, class=org.apache.logging.log4j.core.config.AppenderRef].
2021-05-01 00:23:48,058 main DEBUG createAppenderRef(ref="Console-Appender", level="null", Filter=null)
2021-05-01 00:23:48,058 main DEBUG Building Plugin[name=logger, class=org.apache.logging.log4j.core.config.LoggerConfig].
2021-05-01 00:23:48,059 main DEBUG createLogger(additivity="false", level="ALL", name="org.hibernate.hql.internal.ast.AST", includeLocation="null", ={Console-Appender}, ={}, Configuration(C:\Users\Guest1234\eclipse-workspace\REST-BloodBank-Skeleton\target\classes\log4j2.xml), Filter=null)
2021-05-01 00:23:48,059 main DEBUG Building Plugin[name=AppenderRef, class=org.apache.logging.log4j.core.config.AppenderRef].
2021-05-01 00:23:48,060 main DEBUG createAppenderRef(ref="Console-Appender", level="null", Filter=null)
2021-05-01 00:23:48,060 main DEBUG Building Plugin[name=logger, class=org.apache.logging.log4j.core.config.LoggerConfig].
2021-05-01 00:23:48,061 main DEBUG createLogger(additivity="false", level="ALL", name="org.hibernate.tool.hbm2ddl", includeLocation="null", ={Console-Appender}, ={}, Configuration(C:\Users\Guest1234\eclipse-workspace\REST-BloodBank-Skeleton\target\classes\log4j2.xml), Filter=null)
2021-05-01 00:23:48,061 main DEBUG Building Plugin[name=AppenderRef, class=org.apache.logging.log4j.core.config.AppenderRef].
2021-05-01 00:23:48,061 main DEBUG createAppenderRef(ref="Console-Appender", level="null", Filter=null)
2021-05-01 00:23:48,062 main DEBUG Building Plugin[name=root, class=org.apache.logging.log4j.core.config.LoggerConfig$RootLogger].
2021-05-01 00:23:48,063 main DEBUG createLogger(additivity="null", level="ALL", includeLocation="null", ={Console-Appender}, ={}, Configuration(C:\Users\Guest1234\eclipse-workspace\REST-BloodBank-Skeleton\target\classes\log4j2.xml), Filter=null)
2021-05-01 00:23:48,064 main DEBUG Building Plugin[name=loggers, class=org.apache.logging.log4j.core.config.LoggersPlugin].
2021-05-01 00:23:48,065 main DEBUG createLoggers(={org.jboss.weld, org.hibernate, org.hibernate.SQL, org.hibernate.type, org.hibernate.type.descriptor.sql, org.hibernate.pretty, org.hibernate.cache, org.hibernate.stat, org.hibernate.hql.internal.ast.AST, org.hibernate.tool.hbm2ddl, root})
2021-05-01 00:23:48,066 main DEBUG Configuration XmlConfiguration[location=C:\Users\Guest1234\eclipse-workspace\REST-BloodBank-Skeleton\target\classes\log4j2.xml] initialized
2021-05-01 00:23:48,066 main DEBUG Starting configuration XmlConfiguration[location=C:\Users\Guest1234\eclipse-workspace\REST-BloodBank-Skeleton\target\classes\log4j2.xml]
2021-05-01 00:23:48,067 main DEBUG Log4j2 ConfigurationScheduler starting 1 threads
2021-05-01 00:23:48,069 main DEBUG Started configuration XmlConfiguration[location=C:\Users\Guest1234\eclipse-workspace\REST-BloodBank-Skeleton\target\classes\log4j2.xml] OK.
2021-05-01 00:23:48,070 main TRACE Stopping org.apache.logging.log4j.core.config.DefaultConfiguration@1f760b47...
2021-05-01 00:23:48,070 main TRACE DefaultConfiguration notified 1 ReliabilityStrategies that config will be stopped.
2021-05-01 00:23:48,070 main TRACE DefaultConfiguration stopping root LoggerConfig.
2021-05-01 00:23:48,071 main TRACE DefaultConfiguration notifying ReliabilityStrategies that appenders will be stopped.
2021-05-01 00:23:48,071 main TRACE DefaultConfiguration stopping remaining Appenders.
2021-05-01 00:23:48,071 main DEBUG Shutting down OutputStreamManager SYSTEM_OUT.false.false-1
2021-05-01 00:23:48,072 main DEBUG OutputStream closed
2021-05-01 00:23:48,072 main DEBUG Shut down OutputStreamManager SYSTEM_OUT.false.false-1, all resources released: true
2021-05-01 00:23:48,072 main DEBUG Appender DefaultConsole-1 stopped with status true
2021-05-01 00:23:48,072 main TRACE DefaultConfiguration stopped 1 remaining Appenders.
2021-05-01 00:23:48,072 main TRACE DefaultConfiguration cleaning Appenders from 1 LoggerConfigs.
2021-05-01 00:23:48,073 main DEBUG Stopped org.apache.logging.log4j.core.config.DefaultConfiguration@1f760b47 OK
2021-05-01 00:23:48,129 main TRACE Reregistering MBeans after reconfigure. Selector=org.apache.logging.log4j.core.selector.ClassLoaderContextSelector@7cc586a8
2021-05-01 00:23:48,130 main TRACE Reregistering context (1/1): '26f67b76' org.apache.logging.log4j.core.LoggerContext@7db534f2
2021-05-01 00:23:48,130 main TRACE Unregistering but no MBeans found matching 'org.apache.logging.log4j2:type=26f67b76'
2021-05-01 00:23:48,131 main TRACE Unregistering but no MBeans found matching 'org.apache.logging.log4j2:type=26f67b76,component=StatusLogger'
2021-05-01 00:23:48,131 main TRACE Unregistering but no MBeans found matching 'org.apache.logging.log4j2:type=26f67b76,component=ContextSelector'
2021-05-01 00:23:48,132 main TRACE Unregistering but no MBeans found matching 'org.apache.logging.log4j2:type=26f67b76,component=Loggers,name=*'
2021-05-01 00:23:48,132 main TRACE Unregistering but no MBeans found matching 'org.apache.logging.log4j2:type=26f67b76,component=Appenders,name=*'
2021-05-01 00:23:48,132 main TRACE Unregistering but no MBeans found matching 'org.apache.logging.log4j2:type=26f67b76,component=AsyncAppenders,name=*'
2021-05-01 00:23:48,132 main TRACE Unregistering but no MBeans found matching 'org.apache.logging.log4j2:type=26f67b76,component=AsyncLoggerRingBuffer'
2021-05-01 00:23:48,133 main TRACE Unregistering but no MBeans found matching 'org.apache.logging.log4j2:type=26f67b76,component=Loggers,name=*,subtype=RingBuffer'
2021-05-01 00:23:48,135 main DEBUG Registering MBean org.apache.logging.log4j2:type=26f67b76
2021-05-01 00:23:48,139 main DEBUG Registering MBean org.apache.logging.log4j2:type=26f67b76,component=StatusLogger
2021-05-01 00:23:48,140 main DEBUG Registering MBean org.apache.logging.log4j2:type=26f67b76,component=ContextSelector
2021-05-01 00:23:48,142 main DEBUG Registering MBean org.apache.logging.log4j2:type=26f67b76,component=Loggers,name=
2021-05-01 00:23:48,143 main DEBUG Registering MBean org.apache.logging.log4j2:type=26f67b76,component=Loggers,name=org.hibernate.pretty
2021-05-01 00:23:48,143 main DEBUG Registering MBean org.apache.logging.log4j2:type=26f67b76,component=Loggers,name=org.hibernate.SQL
2021-05-01 00:23:48,144 main DEBUG Registering MBean org.apache.logging.log4j2:type=26f67b76,component=Loggers,name=org.hibernate.hql.internal.ast.AST
2021-05-01 00:23:48,144 main DEBUG Registering MBean org.apache.logging.log4j2:type=26f67b76,component=Loggers,name=org.hibernate.stat
2021-05-01 00:23:48,144 main DEBUG Registering MBean org.apache.logging.log4j2:type=26f67b76,component=Loggers,name=org.hibernate
2021-05-01 00:23:48,145 main DEBUG Registering MBean org.apache.logging.log4j2:type=26f67b76,component=Loggers,name=org.hibernate.type.descriptor.sql
2021-05-01 00:23:48,145 main DEBUG Registering MBean org.apache.logging.log4j2:type=26f67b76,component=Loggers,name=org.jboss.weld
2021-05-01 00:23:48,145 main DEBUG Registering MBean org.apache.logging.log4j2:type=26f67b76,component=Loggers,name=org.hibernate.tool.hbm2ddl
2021-05-01 00:23:48,146 main DEBUG Registering MBean org.apache.logging.log4j2:type=26f67b76,component=Loggers,name=org.hibernate.cache
2021-05-01 00:23:48,146 main DEBUG Registering MBean org.apache.logging.log4j2:type=26f67b76,component=Loggers,name=org.hibernate.type
2021-05-01 00:23:48,147 main DEBUG Registering MBean org.apache.logging.log4j2:type=26f67b76,component=Appenders,name=Console-Appender
2021-05-01 00:23:48,150 main TRACE Using default SystemClock for timestamps.
2021-05-01 00:23:48,152 main DEBUG org.apache.logging.log4j.core.util.SystemClock supports precise timestamps.
2021-05-01 00:23:48,152 main TRACE Using DummyNanoClock for nanosecond timestamps.
2021-05-01 00:23:48,153 main DEBUG Reconfiguration complete for context[name=26f67b76] at URI C:\Users\Guest1234\eclipse-workspace\REST-BloodBank-Skeleton\target\classes\log4j2.xml (org.apache.logging.log4j.core.LoggerContext@7db534f2) with optional ClassLoader: null
2021-05-01 00:23:48,153 main DEBUG Shutdown hook enabled. Registering a new one.
2021-05-01 00:23:48,154 main DEBUG LoggerContext[name=26f67b76, org.apache.logging.log4j.core.LoggerContext@7db534f2] started OK.
[DEBUG] TestBloodBankSystem - oneTimeSetUp2021-05-01 00:23:48,162 main DEBUG AsyncLogger.ThreadNameStrategy=UNCACHED (user specified null, default is UNCACHED)
2021-05-01 00:23:48,163 main TRACE Using default SystemClock for timestamps.
2021-05-01 00:23:48,163 main DEBUG org.apache.logging.log4j.core.util.SystemClock supports precise timestamps.
]]></system-out>
    <system-err><![CDATA[Warning: Nashorn engine is planned to be removed from a future JDK release
]]></system-err>
  </testcase>
</testsuite>